  main.cpp
C:\Users\61906\Source\Repos\OpenGL\OpenGL\shapes.h(223,18): warning C4244: '인수': 'double'에서 'GLfloat'(으)로 변환하면서 데이터가 손실될 수 있습니다.
C:\Users\61906\Source\Repos\OpenGL\OpenGL\shapes.h(223,15): warning C4244: '인수': 'double'에서 'GLfloat'(으)로 변환하면서 데이터가 손실될 수 있습니다.
C:\Users\61906\Source\Repos\OpenGL\OpenGL\shapes.h(233,18): warning C4244: '인수': 'double'에서 'GLfloat'(으)로 변환하면서 데이터가 손실될 수 있습니다.
C:\Users\61906\Source\Repos\OpenGL\OpenGL\shapes.h(233,15): warning C4244: '인수': 'double'에서 'GLfloat'(으)로 변환하면서 데이터가 손실될 수 있습니다.
C:\Users\61906\Source\Repos\OpenGL\OpenGL\shapes.h(296,18): warning C4244: '인수': 'int'에서 'GLfloat'(으)로 변환하면서 데이터가 손실될 수 있습니다.
C:\Users\61906\Source\Repos\OpenGL\OpenGL\shapes.h(300,44): warning C4267: '인수': 'size_t'에서 'GLsizei'(으)로 변환하면서 데이터가 손실될 수 있습니다.
C:\Users\61906\Source\Repos\OpenGL\OpenGL\shapes.h(334,53): warning C4244: '=': 'GLfloat'에서 'int'(으)로 변환하면서 데이터가 손실될 수 있습니다.
C:\Users\61906\Source\Repos\OpenGL\OpenGL\shapes.h(345,17): warning C4305: '인수': 'double'에서 'GLfloat'(으)로 잘립니다.
C:\Users\61906\Source\Repos\OpenGL\OpenGL\shapes.h(357,76): warning C4244: '인수': 'GLfloat'에서 'GLint'(으)로 변환하면서 데이터가 손실될 수 있습니다.
C:\Users\61906\Source\Repos\OpenGL\OpenGL\shapes.h(357,49): warning C4244: '인수': 'GLfloat'에서 'GLint'(으)로 변환하면서 데이터가 손실될 수 있습니다.
C:\Users\61906\Source\Repos\OpenGL\OpenGL\main.cpp(47,29): warning C4244: '인수': 'int'에서 'GLfloat'(으)로 변환하면서 데이터가 손실될 수 있습니다.
C:\Users\61906\Source\Repos\OpenGL\OpenGL\main.cpp(47,19): warning C4244: '인수': 'int'에서 'GLfloat'(으)로 변환하면서 데이터가 손실될 수 있습니다.
C:\Users\61906\Source\Repos\OpenGL\OpenGL\main.cpp(50,35): warning C4244: '인수': 'int'에서 'GLfloat'(으)로 변환하면서 데이터가 손실될 수 있습니다.
C:\Users\61906\Source\Repos\OpenGL\OpenGL\main.cpp(50,25): warning C4244: '인수': 'int'에서 'GLfloat'(으)로 변환하면서 데이터가 손실될 수 있습니다.
C:\Users\61906\Source\Repos\OpenGL\OpenGL\main.cpp(53,34): warning C4244: '인수': 'int'에서 'GLfloat'(으)로 변환하면서 데이터가 손실될 수 있습니다.
C:\Users\61906\Source\Repos\OpenGL\OpenGL\main.cpp(53,24): warning C4244: '인수': 'int'에서 'GLfloat'(으)로 변환하면서 데이터가 손실될 수 있습니다.
C:\Users\61906\Source\Repos\OpenGL\OpenGL\main.cpp(56,32): warning C4244: '인수': 'int'에서 'GLfloat'(으)로 변환하면서 데이터가 손실될 수 있습니다.
C:\Users\61906\Source\Repos\OpenGL\OpenGL\main.cpp(56,22): warning C4244: '인수': 'int'에서 'GLfloat'(으)로 변환하면서 데이터가 손실될 수 있습니다.
C:\Users\61906\Source\Repos\OpenGL\OpenGL\main.cpp(63,17): warning C4244: '=': 'int'에서 'GLfloat'(으)로 변환하면서 데이터가 손실될 수 있습니다.
C:\Users\61906\Source\Repos\OpenGL\OpenGL\main.cpp(64,24): warning C4244: '=': 'int'에서 'GLfloat'(으)로 변환하면서 데이터가 손실될 수 있습니다.
C:\Users\61906\Source\Repos\OpenGL\OpenGL\main.cpp(87,26): warning C4244: '인수': 'int'에서 'GLfloat'(으)로 변환하면서 데이터가 손실될 수 있습니다.
C:\Users\61906\Source\Repos\OpenGL\OpenGL\main.cpp(87,16): warning C4244: '인수': 'int'에서 'GLfloat'(으)로 변환하면서 데이터가 손실될 수 있습니다.
C:\Users\61906\Source\Repos\OpenGL\OpenGL\main.cpp(88,26): warning C4244: '인수': 'int'에서 'GLfloat'(으)로 변환하면서 데이터가 손실될 수 있습니다.
C:\Users\61906\Source\Repos\OpenGL\OpenGL\main.cpp(88,16): warning C4244: '인수': 'int'에서 'GLfloat'(으)로 변환하면서 데이터가 손실될 수 있습니다.
C:\Users\61906\Source\Repos\OpenGL\OpenGL\main.cpp(89,26): warning C4244: '인수': 'int'에서 'GLfloat'(으)로 변환하면서 데이터가 손실될 수 있습니다.
C:\Users\61906\Source\Repos\OpenGL\OpenGL\main.cpp(89,16): warning C4244: '인수': 'int'에서 'GLfloat'(으)로 변환하면서 데이터가 손실될 수 있습니다.
C:\Users\61906\Source\Repos\OpenGL\OpenGL\main.cpp(90,26): warning C4244: '인수': 'int'에서 'GLfloat'(으)로 변환하면서 데이터가 손실될 수 있습니다.
C:\Users\61906\Source\Repos\OpenGL\OpenGL\main.cpp(90,16): warning C4244: '인수': 'int'에서 'GLfloat'(으)로 변환하면서 데이터가 손실될 수 있습니다.
C:\Users\61906\Source\Repos\OpenGL\OpenGL\main.cpp(93,29): warning C4244: '인수': 'int'에서 'GLfloat'(으)로 변환하면서 데이터가 손실될 수 있습니다.
C:\Users\61906\Source\Repos\OpenGL\OpenGL\main.cpp(93,19): warning C4244: '인수': 'int'에서 'GLfloat'(으)로 변환하면서 데이터가 손실될 수 있습니다.
C:\Users\61906\Source\Repos\OpenGL\OpenGL\main.cpp(97,26): warning C4244: '인수': 'int'에서 'GLfloat'(으)로 변환하면서 데이터가 손실될 수 있습니다.
C:\Users\61906\Source\Repos\OpenGL\OpenGL\main.cpp(97,16): warning C4244: '인수': 'int'에서 'GLfloat'(으)로 변환하면서 데이터가 손실될 수 있습니다.
C:\Users\61906\Source\Repos\OpenGL\OpenGL\main.cpp(98,26): warning C4244: '인수': 'int'에서 'GLfloat'(으)로 변환하면서 데이터가 손실될 수 있습니다.
C:\Users\61906\Source\Repos\OpenGL\OpenGL\main.cpp(98,16): warning C4244: '인수': 'int'에서 'GLfloat'(으)로 변환하면서 데이터가 손실될 수 있습니다.
C:\Users\61906\Source\Repos\OpenGL\OpenGL\main.cpp(99,26): warning C4244: '인수': 'int'에서 'GLfloat'(으)로 변환하면서 데이터가 손실될 수 있습니다.
C:\Users\61906\Source\Repos\OpenGL\OpenGL\main.cpp(99,16): warning C4244: '인수': 'int'에서 'GLfloat'(으)로 변환하면서 데이터가 손실될 수 있습니다.
C:\Users\61906\Source\Repos\OpenGL\OpenGL\main.cpp(100,26): warning C4244: '인수': 'int'에서 'GLfloat'(으)로 변환하면서 데이터가 손실될 수 있습니다.
C:\Users\61906\Source\Repos\OpenGL\OpenGL\main.cpp(100,16): warning C4244: '인수': 'int'에서 'GLfloat'(으)로 변환하면서 데이터가 손실될 수 있습니다.
C:\Users\61906\Source\Repos\OpenGL\OpenGL\main.cpp(107,26): warning C4244: '인수': 'int'에서 'GLfloat'(으)로 변환하면서 데이터가 손실될 수 있습니다.
C:\Users\61906\Source\Repos\OpenGL\OpenGL\main.cpp(107,16): warning C4244: '인수': 'int'에서 'GLfloat'(으)로 변환하면서 데이터가 손실될 수 있습니다.
C:\Users\61906\Source\Repos\OpenGL\OpenGL\main.cpp(108,26): warning C4244: '인수': 'int'에서 'GLfloat'(으)로 변환하면서 데이터가 손실될 수 있습니다.
C:\Users\61906\Source\Repos\OpenGL\OpenGL\main.cpp(108,16): warning C4244: '인수': 'int'에서 'GLfloat'(으)로 변환하면서 데이터가 손실될 수 있습니다.
C:\Users\61906\Source\Repos\OpenGL\OpenGL\main.cpp(109,26): warning C4244: '인수': 'int'에서 'GLfloat'(으)로 변환하면서 데이터가 손실될 수 있습니다.
C:\Users\61906\Source\Repos\OpenGL\OpenGL\main.cpp(109,16): warning C4244: '인수': 'int'에서 'GLfloat'(으)로 변환하면서 데이터가 손실될 수 있습니다.
C:\Users\61906\Source\Repos\OpenGL\OpenGL\main.cpp(110,26): warning C4244: '인수': 'int'에서 'GLfloat'(으)로 변환하면서 데이터가 손실될 수 있습니다.
C:\Users\61906\Source\Repos\OpenGL\OpenGL\main.cpp(110,16): warning C4244: '인수': 'int'에서 'GLfloat'(으)로 변환하면서 데이터가 손실될 수 있습니다.
C:\Users\61906\Source\Repos\OpenGL\OpenGL\main.cpp(117,26): warning C4244: '인수': 'int'에서 'GLfloat'(으)로 변환하면서 데이터가 손실될 수 있습니다.
C:\Users\61906\Source\Repos\OpenGL\OpenGL\main.cpp(117,16): warning C4244: '인수': 'int'에서 'GLfloat'(으)로 변환하면서 데이터가 손실될 수 있습니다.
C:\Users\61906\Source\Repos\OpenGL\OpenGL\main.cpp(118,26): warning C4244: '인수': 'int'에서 'GLfloat'(으)로 변환하면서 데이터가 손실될 수 있습니다.
C:\Users\61906\Source\Repos\OpenGL\OpenGL\main.cpp(118,16): warning C4244: '인수': 'int'에서 'GLfloat'(으)로 변환하면서 데이터가 손실될 수 있습니다.
C:\Users\61906\Source\Repos\OpenGL\OpenGL\main.cpp(119,26): warning C4244: '인수': 'int'에서 'GLfloat'(으)로 변환하면서 데이터가 손실될 수 있습니다.
C:\Users\61906\Source\Repos\OpenGL\OpenGL\main.cpp(119,16): warning C4244: '인수': 'int'에서 'GLfloat'(으)로 변환하면서 데이터가 손실될 수 있습니다.
C:\Users\61906\Source\Repos\OpenGL\OpenGL\main.cpp(120,26): warning C4244: '인수': 'int'에서 'GLfloat'(으)로 변환하면서 데이터가 손실될 수 있습니다.
C:\Users\61906\Source\Repos\OpenGL\OpenGL\main.cpp(120,16): warning C4244: '인수': 'int'에서 'GLfloat'(으)로 변환하면서 데이터가 손실될 수 있습니다.
C:\Users\61906\Source\Repos\OpenGL\OpenGL\main.cpp(131,29): warning C4244: '인수': 'int'에서 'GLfloat'(으)로 변환하면서 데이터가 손실될 수 있습니다.
C:\Users\61906\Source\Repos\OpenGL\OpenGL\main.cpp(131,19): warning C4244: '인수': 'int'에서 'GLfloat'(으)로 변환하면서 데이터가 손실될 수 있습니다.
C:\Users\61906\Source\Repos\OpenGL\OpenGL\main.cpp(138,29): warning C4244: '인수': 'int'에서 'GLfloat'(으)로 변환하면서 데이터가 손실될 수 있습니다.
C:\Users\61906\Source\Repos\OpenGL\OpenGL\main.cpp(138,19): warning C4244: '인수': 'int'에서 'GLfloat'(으)로 변환하면서 데이터가 손실될 수 있습니다.
C:\Users\61906\Source\Repos\OpenGL\OpenGL\main.cpp(185,17): warning C4244: '인수': 'int'에서 'GLfloat'(으)로 변환하면서 데이터가 손실될 수 있습니다.
C:\Users\61906\Source\Repos\OpenGL\OpenGL\main.cpp(186,36): warning C4244: '인수': 'int'에서 'GLfloat'(으)로 변환하면서 데이터가 손실될 수 있습니다.
C:\Users\61906\Source\Repos\OpenGL\OpenGL\main.cpp(187,27): warning C4244: '인수': 'int'에서 'GLfloat'(으)로 변환하면서 데이터가 손실될 수 있습니다.
C:\Users\61906\Source\Repos\OpenGL\OpenGL\main.cpp(187,17): warning C4244: '인수': 'int'에서 'GLfloat'(으)로 변환하면서 데이터가 손실될 수 있습니다.
C:\Users\61906\Source\Repos\OpenGL\OpenGL\main.cpp(300,14): warning C4244: '인수': 'int'에서 'GLfloat'(으)로 변환하면서 데이터가 손실될 수 있습니다.
C:\Users\61906\Source\Repos\OpenGL\OpenGL\main.cpp(376,14): warning C4244: '인수': 'int'에서 'GLfloat'(으)로 변환하면서 데이터가 손실될 수 있습니다.
  OpenGL.vcxproj -> C:\Users\61906\Source\Repos\OpenGL\x64\Debug\OpenGL.exe
